#-----------------------------------------------------------
# Vivado v2018.2 (64-bit)
# SW Build 2258646 on Thu Jun 14 20:02:38 MDT 2018
# IP Build 2256618 on Thu Jun 14 22:10:49 MDT 2018
# Start of session at: Wed Mar  9 10:24:44 2022
# Process ID: 54391
# Current directory: /homes/v19nosth/ECG_medcon
# Command line: vivado
# Log file: /homes/v19nosth/ECG_medcon/vivado.log
# Journal file: /homes/v19nosth/ECG_medcon/vivado.jou
#-----------------------------------------------------------
start_gui
open_project /homes/v19nosth/ECG_medcon/ECG_medcon.xpr
Scanning sources...
Finished scanning sources
INFO: [IP_Flow 19-234] Refreshing IP repositories
INFO: [IP_Flow 19-1704] No user IP repositories specified
INFO: [IP_Flow 19-2313] Loaded Vivado IP repository '/opt/img/Vivado2018.2/Vivado/2018.2/data/ip'.
file mkdir /homes/v19nosth/ECG_medcon/ECG_medcon.srcs/sources_1/new
close [ open /homes/v19nosth/ECG_medcon/ECG_medcon.srcs/sources_1/new/IIR.vhd w ]
add_files /homes/v19nosth/ECG_medcon/ECG_medcon.srcs/sources_1/new/IIR.vhd
close [ open /homes/v19nosth/ECG_medcon/ECG_medcon.srcs/sources_1/new/FIR_129.vhd w ]
add_files /homes/v19nosth/ECG_medcon/ECG_medcon.srcs/sources_1/new/FIR_129.vhd
close [ open /homes/v19nosth/ECG_medcon/ECG_medcon.srcs/sources_1/new/ECG.vhd w ]
add_files /homes/v19nosth/ECG_medcon/ECG_medcon.srcs/sources_1/new/ECG.vhd
close [ open /homes/v19nosth/ECG_medcon/ECG_medcon.srcs/sources_1/new/FIR_11.vhd w ]
add_files /homes/v19nosth/ECG_medcon/ECG_medcon.srcs/sources_1/new/FIR_11.vhd
update_compile_order -fileset sources_1
export_ip_user_files -of_objects  [get_files /homes/v19nosth/ECG_medcon/ECG_medcon.srcs/sources_1/new/ECG.vhd] -no_script -reset -force -quiet
export_ip_user_files -of_objects  [get_files /homes/v19nosth/ECG_medcon/ECG_medcon.srcs/sources_1/new/FIR_11.vhd] -no_script -reset -force -quiet
export_ip_user_files -of_objects  [get_files /homes/v19nosth/ECG_medcon/ECG_medcon.srcs/sources_1/new/FIR_129.vhd] -no_script -reset -force -quiet
remove_files  {/homes/v19nosth/ECG_medcon/ECG_medcon.srcs/sources_1/new/ECG.vhd /homes/v19nosth/ECG_medcon/ECG_medcon.srcs/sources_1/new/FIR_11.vhd /homes/v19nosth/ECG_medcon/ECG_medcon.srcs/sources_1/new/FIR_129.vhd}
file delete -force /homes/v19nosth/ECG_medcon/ECG_medcon.srcs/sources_1/new/ECG.vhd /homes/v19nosth/ECG_medcon/ECG_medcon.srcs/sources_1/new/FIR_11.vhd /homes/v19nosth/ECG_medcon/ECG_medcon.srcs/sources_1/new/FIR_129.vhd
close [ open /homes/v19nosth/ECG_medcon/ECG_medcon.srcs/sources_1/new/FIR_129.vhd w ]
add_files /homes/v19nosth/ECG_medcon/ECG_medcon.srcs/sources_1/new/FIR_129.vhd
close [ open /homes/v19nosth/ECG_medcon/ECG_medcon.srcs/sources_1/new/ECG.vhd w ]
add_files /homes/v19nosth/ECG_medcon/ECG_medcon.srcs/sources_1/new/ECG.vhd
close [ open /homes/v19nosth/ECG_medcon/ECG_medcon.srcs/sources_1/new/FIR_11.vhd w ]
add_files /homes/v19nosth/ECG_medcon/ECG_medcon.srcs/sources_1/new/FIR_11.vhd
update_compile_order -fileset sources_1
WARNING: [filemgmt 56-199] Attempt to get parsing info during refresh. "On-the-fly" syntax checking information may be incorrect. [/homes/v19nosth/ECG_medcon/ECG_medcon.srcs/sources_1/new/IIR.vhd:]
WARNING: [filemgmt 56-199] Attempt to get parsing info during refresh. "On-the-fly" syntax checking information may be incorrect. [/homes/v19nosth/ECG_medcon/ECG_medcon.srcs/sources_1/new/FIR_129.vhd:]
WARNING: [filemgmt 56-199] Attempt to get parsing info during refresh. "On-the-fly" syntax checking information may be incorrect. [/homes/v19nosth/ECG_medcon/ECG_medcon.srcs/sources_1/new/ECG.vhd:]
WARNING: [filemgmt 56-199] Attempt to get parsing info during refresh. "On-the-fly" syntax checking information may be incorrect. [/homes/v19nosth/ECG_medcon/ECG_medcon.srcs/sources_1/new/FIR_11.vhd:]
WARNING: [filemgmt 56-199] Attempt to get parsing info during refresh. "On-the-fly" syntax checking information may be incorrect. [/homes/v19nosth/ECG_medcon/ECG_medcon.srcs/sources_1/new/IIR.vhd:]
WARNING: [filemgmt 56-199] Attempt to get parsing info during refresh. "On-the-fly" syntax checking information may be incorrect. [/homes/v19nosth/ECG_medcon/ECG_medcon.srcs/sources_1/new/FIR_129.vhd:]
WARNING: [filemgmt 56-199] Attempt to get parsing info during refresh. "On-the-fly" syntax checking information may be incorrect. [/homes/v19nosth/ECG_medcon/ECG_medcon.srcs/sources_1/new/ECG.vhd:]
WARNING: [filemgmt 56-199] Attempt to get parsing info during refresh. "On-the-fly" syntax checking information may be incorrect. [/homes/v19nosth/ECG_medcon/ECG_medcon.srcs/sources_1/new/FIR_11.vhd:]
WARNING: [filemgmt 56-199] Attempt to get parsing info during refresh. "On-the-fly" syntax checking information may be incorrect. [/homes/v19nosth/ECG_medcon/ECG_medcon.srcs/sources_1/new/IIR.vhd:]
WARNING: [filemgmt 56-199] Attempt to get parsing info during refresh. "On-the-fly" syntax checking information may be incorrect. [/homes/v19nosth/ECG_medcon/ECG_medcon.srcs/sources_1/new/FIR_129.vhd:]
WARNING: [filemgmt 56-199] Attempt to get parsing info during refresh. "On-the-fly" syntax checking information may be incorrect. [/homes/v19nosth/ECG_medcon/ECG_medcon.srcs/sources_1/new/ECG.vhd:]
WARNING: [filemgmt 56-199] Attempt to get parsing info during refresh. "On-the-fly" syntax checking information may be incorrect. [/homes/v19nosth/ECG_medcon/ECG_medcon.srcs/sources_1/new/FIR_11.vhd:]
WARNING: [filemgmt 56-199] Attempt to get parsing info during refresh. "On-the-fly" syntax checking information may be incorrect. [/homes/v19nosth/ECG_medcon/ECG_medcon.srcs/sources_1/new/IIR.vhd:]
WARNING: [filemgmt 56-199] Attempt to get parsing info during refresh. "On-the-fly" syntax checking information may be incorrect. [/homes/v19nosth/ECG_medcon/ECG_medcon.srcs/sources_1/new/FIR_129.vhd:]
WARNING: [filemgmt 56-199] Attempt to get parsing info during refresh. "On-the-fly" syntax checking information may be incorrect. [/homes/v19nosth/ECG_medcon/ECG_medcon.srcs/sources_1/new/ECG.vhd:]
WARNING: [filemgmt 56-199] Attempt to get parsing info during refresh. "On-the-fly" syntax checking information may be incorrect. [/homes/v19nosth/ECG_medcon/ECG_medcon.srcs/sources_1/new/FIR_11.vhd:]
WARNING: [filemgmt 56-199] Attempt to get parsing info during refresh. "On-the-fly" syntax checking information may be incorrect. [/homes/v19nosth/ECG_medcon/ECG_medcon.srcs/sources_1/new/IIR.vhd:]
WARNING: [filemgmt 56-199] Attempt to get parsing info during refresh. "On-the-fly" syntax checking information may be incorrect. [/homes/v19nosth/ECG_medcon/ECG_medcon.srcs/sources_1/new/FIR_129.vhd:]
WARNING: [filemgmt 56-199] Attempt to get parsing info during refresh. "On-the-fly" syntax checking information may be incorrect. [/homes/v19nosth/ECG_medcon/ECG_medcon.srcs/sources_1/new/ECG.vhd:]
WARNING: [filemgmt 56-199] Attempt to get parsing info during refresh. "On-the-fly" syntax checking information may be incorrect. [/homes/v19nosth/ECG_medcon/ECG_medcon.srcs/sources_1/new/FIR_11.vhd:]
WARNING: [filemgmt 56-199] Attempt to get parsing info during refresh. "On-the-fly" syntax checking information may be incorrect. [/homes/v19nosth/ECG_medcon/ECG_medcon.srcs/sources_1/new/IIR.vhd:]
WARNING: [filemgmt 56-199] Attempt to get parsing info during refresh. "On-the-fly" syntax checking information may be incorrect. [/homes/v19nosth/ECG_medcon/ECG_medcon.srcs/sources_1/new/FIR_129.vhd:]
WARNING: [filemgmt 56-199] Attempt to get parsing info during refresh. "On-the-fly" syntax checking information may be incorrect. [/homes/v19nosth/ECG_medcon/ECG_medcon.srcs/sources_1/new/ECG.vhd:]
WARNING: [filemgmt 56-199] Attempt to get parsing info during refresh. "On-the-fly" syntax checking information may be incorrect. [/homes/v19nosth/ECG_medcon/ECG_medcon.srcs/sources_1/new/FIR_11.vhd:]
WARNING: [filemgmt 56-199] Attempt to get parsing info during refresh. "On-the-fly" syntax checking information may be incorrect. [/homes/v19nosth/ECG_medcon/ECG_medcon.srcs/sources_1/new/IIR.vhd:]
WARNING: [filemgmt 56-199] Attempt to get parsing info during refresh. "On-the-fly" syntax checking information may be incorrect. [/homes/v19nosth/ECG_medcon/ECG_medcon.srcs/sources_1/new/FIR_129.vhd:]
WARNING: [filemgmt 56-199] Attempt to get parsing info during refresh. "On-the-fly" syntax checking information may be incorrect. [/homes/v19nosth/ECG_medcon/ECG_medcon.srcs/sources_1/new/ECG.vhd:]
WARNING: [filemgmt 56-199] Attempt to get parsing info during refresh. "On-the-fly" syntax checking information may be incorrect. [/homes/v19nosth/ECG_medcon/ECG_medcon.srcs/sources_1/new/FIR_11.vhd:]
WARNING: [filemgmt 56-199] Attempt to get parsing info during refresh. "On-the-fly" syntax checking information may be incorrect. [/homes/v19nosth/ECG_medcon/ECG_medcon.srcs/sources_1/new/IIR.vhd:]
WARNING: [filemgmt 56-199] Attempt to get parsing info during refresh. "On-the-fly" syntax checking information may be incorrect. [/homes/v19nosth/ECG_medcon/ECG_medcon.srcs/sources_1/new/FIR_129.vhd:]
WARNING: [filemgmt 56-199] Attempt to get parsing info during refresh. "On-the-fly" syntax checking information may be incorrect. [/homes/v19nosth/ECG_medcon/ECG_medcon.srcs/sources_1/new/ECG.vhd:]
WARNING: [filemgmt 56-199] Attempt to get parsing info during refresh. "On-the-fly" syntax checking information may be incorrect. [/homes/v19nosth/ECG_medcon/ECG_medcon.srcs/sources_1/new/FIR_11.vhd:]
WARNING: [filemgmt 56-199] Attempt to get parsing info during refresh. "On-the-fly" syntax checking information may be incorrect. [/homes/v19nosth/ECG_medcon/ECG_medcon.srcs/sources_1/new/IIR.vhd:]
WARNING: [filemgmt 56-199] Attempt to get parsing info during refresh. "On-the-fly" syntax checking information may be incorrect. [/homes/v19nosth/ECG_medcon/ECG_medcon.srcs/sources_1/new/FIR_129.vhd:]
WARNING: [filemgmt 56-199] Attempt to get parsing info during refresh. "On-the-fly" syntax checking information may be incorrect. [/homes/v19nosth/ECG_medcon/ECG_medcon.srcs/sources_1/new/ECG.vhd:]
WARNING: [filemgmt 56-199] Attempt to get parsing info during refresh. "On-the-fly" syntax checking information may be incorrect. [/homes/v19nosth/ECG_medcon/ECG_medcon.srcs/sources_1/new/FIR_11.vhd:]
WARNING: [filemgmt 56-199] Attempt to get parsing info during refresh. "On-the-fly" syntax checking information may be incorrect. [/homes/v19nosth/ECG_medcon/ECG_medcon.srcs/sources_1/new/IIR.vhd:]
WARNING: [filemgmt 56-199] Attempt to get parsing info during refresh. "On-the-fly" syntax checking information may be incorrect. [/homes/v19nosth/ECG_medcon/ECG_medcon.srcs/sources_1/new/FIR_129.vhd:]
WARNING: [filemgmt 56-199] Attempt to get parsing info during refresh. "On-the-fly" syntax checking information may be incorrect. [/homes/v19nosth/ECG_medcon/ECG_medcon.srcs/sources_1/new/ECG.vhd:]
WARNING: [filemgmt 56-199] Attempt to get parsing info during refresh. "On-the-fly" syntax checking information may be incorrect. [/homes/v19nosth/ECG_medcon/ECG_medcon.srcs/sources_1/new/FIR_11.vhd:]
WARNING: [filemgmt 56-199] Attempt to get parsing info during refresh. "On-the-fly" syntax checking information may be incorrect. [/homes/v19nosth/ECG_medcon/ECG_medcon.srcs/sources_1/new/IIR.vhd:]
WARNING: [filemgmt 56-199] Attempt to get parsing info during refresh. "On-the-fly" syntax checking information may be incorrect. [/homes/v19nosth/ECG_medcon/ECG_medcon.srcs/sources_1/new/FIR_129.vhd:]
WARNING: [filemgmt 56-199] Attempt to get parsing info during refresh. "On-the-fly" syntax checking information may be incorrect. [/homes/v19nosth/ECG_medcon/ECG_medcon.srcs/sources_1/new/ECG.vhd:]
WARNING: [filemgmt 56-199] Attempt to get parsing info during refresh. "On-the-fly" syntax checking information may be incorrect. [/homes/v19nosth/ECG_medcon/ECG_medcon.srcs/sources_1/new/FIR_11.vhd:]
WARNING: [filemgmt 56-199] Attempt to get parsing info during refresh. "On-the-fly" syntax checking information may be incorrect. [/homes/v19nosth/ECG_medcon/ECG_medcon.srcs/sources_1/new/IIR.vhd:]
WARNING: [filemgmt 56-199] Attempt to get parsing info during refresh. "On-the-fly" syntax checking information may be incorrect. [/homes/v19nosth/ECG_medcon/ECG_medcon.srcs/sources_1/new/FIR_129.vhd:]
WARNING: [filemgmt 56-199] Attempt to get parsing info during refresh. "On-the-fly" syntax checking information may be incorrect. [/homes/v19nosth/ECG_medcon/ECG_medcon.srcs/sources_1/new/ECG.vhd:]
WARNING: [filemgmt 56-199] Attempt to get parsing info during refresh. "On-the-fly" syntax checking information may be incorrect. [/homes/v19nosth/ECG_medcon/ECG_medcon.srcs/sources_1/new/FIR_11.vhd:]
WARNING: [filemgmt 56-199] Attempt to get parsing info during refresh. "On-the-fly" syntax checking information may be incorrect. [/homes/v19nosth/ECG_medcon/ECG_medcon.srcs/sources_1/new/IIR.vhd:]
WARNING: [filemgmt 56-199] Attempt to get parsing info during refresh. "On-the-fly" syntax checking information may be incorrect. [/homes/v19nosth/ECG_medcon/ECG_medcon.srcs/sources_1/new/FIR_129.vhd:]
WARNING: [filemgmt 56-199] Attempt to get parsing info during refresh. "On-the-fly" syntax checking information may be incorrect. [/homes/v19nosth/ECG_medcon/ECG_medcon.srcs/sources_1/new/ECG.vhd:]
WARNING: [filemgmt 56-199] Attempt to get parsing info during refresh. "On-the-fly" syntax checking information may be incorrect. [/homes/v19nosth/ECG_medcon/ECG_medcon.srcs/sources_1/new/FIR_11.vhd:]
WARNING: [filemgmt 56-199] Attempt to get parsing info during refresh. "On-the-fly" syntax checking information may be incorrect. [/homes/v19nosth/ECG_medcon/ECG_medcon.srcs/sources_1/new/IIR.vhd:]
WARNING: [filemgmt 56-199] Attempt to get parsing info during refresh. "On-the-fly" syntax checking information may be incorrect. [/homes/v19nosth/ECG_medcon/ECG_medcon.srcs/sources_1/new/FIR_129.vhd:]
WARNING: [filemgmt 56-199] Attempt to get parsing info during refresh. "On-the-fly" syntax checking information may be incorrect. [/homes/v19nosth/ECG_medcon/ECG_medcon.srcs/sources_1/new/ECG.vhd:]
WARNING: [filemgmt 56-199] Attempt to get parsing info during refresh. "On-the-fly" syntax checking information may be incorrect. [/homes/v19nosth/ECG_medcon/ECG_medcon.srcs/sources_1/new/FIR_11.vhd:]
WARNING: [filemgmt 56-199] Attempt to get parsing info during refresh. "On-the-fly" syntax checking information may be incorrect. [/homes/v19nosth/ECG_medcon/ECG_medcon.srcs/sources_1/new/IIR.vhd:]
WARNING: [filemgmt 56-199] Attempt to get parsing info during refresh. "On-the-fly" syntax checking information may be incorrect. [/homes/v19nosth/ECG_medcon/ECG_medcon.srcs/sources_1/new/FIR_129.vhd:]
WARNING: [filemgmt 56-199] Attempt to get parsing info during refresh. "On-the-fly" syntax checking information may be incorrect. [/homes/v19nosth/ECG_medcon/ECG_medcon.srcs/sources_1/new/ECG.vhd:]
WARNING: [filemgmt 56-199] Attempt to get parsing info during refresh. "On-the-fly" syntax checking information may be incorrect. [/homes/v19nosth/ECG_medcon/ECG_medcon.srcs/sources_1/new/FIR_11.vhd:]
WARNING: [filemgmt 56-199] Attempt to get parsing info during refresh. "On-the-fly" syntax checking information may be incorrect. [/homes/v19nosth/ECG_medcon/ECG_medcon.srcs/sources_1/new/IIR.vhd:]
WARNING: [filemgmt 56-199] Attempt to get parsing info during refresh. "On-the-fly" syntax checking information may be incorrect. [/homes/v19nosth/ECG_medcon/ECG_medcon.srcs/sources_1/new/FIR_129.vhd:]
WARNING: [filemgmt 56-199] Attempt to get parsing info during refresh. "On-the-fly" syntax checking information may be incorrect. [/homes/v19nosth/ECG_medcon/ECG_medcon.srcs/sources_1/new/ECG.vhd:]
WARNING: [filemgmt 56-199] Attempt to get parsing info during refresh. "On-the-fly" syntax checking information may be incorrect. [/homes/v19nosth/ECG_medcon/ECG_medcon.srcs/sources_1/new/FIR_11.vhd:]
WARNING: [filemgmt 56-199] Attempt to get parsing info during refresh. "On-the-fly" syntax checking information may be incorrect. [/homes/v19nosth/ECG_medcon/ECG_medcon.srcs/sources_1/new/IIR.vhd:]
WARNING: [filemgmt 56-199] Attempt to get parsing info during refresh. "On-the-fly" syntax checking information may be incorrect. [/homes/v19nosth/ECG_medcon/ECG_medcon.srcs/sources_1/new/FIR_129.vhd:]
WARNING: [filemgmt 56-199] Attempt to get parsing info during refresh. "On-the-fly" syntax checking information may be incorrect. [/homes/v19nosth/ECG_medcon/ECG_medcon.srcs/sources_1/new/ECG.vhd:]
WARNING: [filemgmt 56-199] Attempt to get parsing info during refresh. "On-the-fly" syntax checking information may be incorrect. [/homes/v19nosth/ECG_medcon/ECG_medcon.srcs/sources_1/new/FIR_11.vhd:]
WARNING: [filemgmt 56-199] Attempt to get parsing info during refresh. "On-the-fly" syntax checking information may be incorrect. [/homes/v19nosth/ECG_medcon/ECG_medcon.srcs/sources_1/new/IIR.vhd:]
WARNING: [filemgmt 56-199] Attempt to get parsing info during refresh. "On-the-fly" syntax checking information may be incorrect. [/homes/v19nosth/ECG_medcon/ECG_medcon.srcs/sources_1/new/FIR_129.vhd:]
WARNING: [filemgmt 56-199] Attempt to get parsing info during refresh. "On-the-fly" syntax checking information may be incorrect. [/homes/v19nosth/ECG_medcon/ECG_medcon.srcs/sources_1/new/ECG.vhd:]
WARNING: [filemgmt 56-199] Attempt to get parsing info during refresh. "On-the-fly" syntax checking information may be incorrect. [/homes/v19nosth/ECG_medcon/ECG_medcon.srcs/sources_1/new/FIR_11.vhd:]
WARNING: [filemgmt 56-199] Attempt to get parsing info during refresh. "On-the-fly" syntax checking information may be incorrect. [/homes/v19nosth/ECG_medcon/ECG_medcon.srcs/sources_1/new/IIR.vhd:]
WARNING: [filemgmt 56-199] Attempt to get parsing info during refresh. "On-the-fly" syntax checking information may be incorrect. [/homes/v19nosth/ECG_medcon/ECG_medcon.srcs/sources_1/new/FIR_129.vhd:]
WARNING: [filemgmt 56-199] Attempt to get parsing info during refresh. "On-the-fly" syntax checking information may be incorrect. [/homes/v19nosth/ECG_medcon/ECG_medcon.srcs/sources_1/new/ECG.vhd:]
WARNING: [filemgmt 56-199] Attempt to get parsing info during refresh. "On-the-fly" syntax checking information may be incorrect. [/homes/v19nosth/ECG_medcon/ECG_medcon.srcs/sources_1/new/FIR_11.vhd:]
WARNING: [filemgmt 56-199] Attempt to get parsing info during refresh. "On-the-fly" syntax checking information may be incorrect. [/homes/v19nosth/ECG_medcon/ECG_medcon.srcs/sources_1/new/IIR.vhd:]
WARNING: [filemgmt 56-199] Attempt to get parsing info during refresh. "On-the-fly" syntax checking information may be incorrect. [/homes/v19nosth/ECG_medcon/ECG_medcon.srcs/sources_1/new/FIR_129.vhd:]
WARNING: [filemgmt 56-199] Attempt to get parsing info during refresh. "On-the-fly" syntax checking information may be incorrect. [/homes/v19nosth/ECG_medcon/ECG_medcon.srcs/sources_1/new/ECG.vhd:]
WARNING: [filemgmt 56-199] Attempt to get parsing info during refresh. "On-the-fly" syntax checking information may be incorrect. [/homes/v19nosth/ECG_medcon/ECG_medcon.srcs/sources_1/new/FIR_11.vhd:]
WARNING: [filemgmt 56-199] Attempt to get parsing info during refresh. "On-the-fly" syntax checking information may be incorrect. [/homes/v19nosth/ECG_medcon/ECG_medcon.srcs/sources_1/new/IIR.vhd:]
WARNING: [filemgmt 56-199] Attempt to get parsing info during refresh. "On-the-fly" syntax checking information may be incorrect. [/homes/v19nosth/ECG_medcon/ECG_medcon.srcs/sources_1/new/FIR_129.vhd:]
WARNING: [filemgmt 56-199] Attempt to get parsing info during refresh. "On-the-fly" syntax checking information may be incorrect. [/homes/v19nosth/ECG_medcon/ECG_medcon.srcs/sources_1/new/ECG.vhd:]
WARNING: [filemgmt 56-199] Attempt to get parsing info during refresh. "On-the-fly" syntax checking information may be incorrect. [/homes/v19nosth/ECG_medcon/ECG_medcon.srcs/sources_1/new/FIR_11.vhd:]
close [ open /homes/v19nosth/ECG_medcon/ECG_medcon.srcs/sources_1/new/control_unit.vhd w ]
add_files /homes/v19nosth/ECG_medcon/ECG_medcon.srcs/sources_1/new/control_unit.vhd
update_compile_order -fileset sources_1
WARNING: [filemgmt 56-199] Attempt to get parsing info during refresh. "On-the-fly" syntax checking information may be incorrect. [/homes/v19nosth/ECG_medcon/ECG_medcon.srcs/sources_1/new/IIR.vhd:]
WARNING: [filemgmt 56-199] Attempt to get parsing info during refresh. "On-the-fly" syntax checking information may be incorrect. [/homes/v19nosth/ECG_medcon/ECG_medcon.srcs/sources_1/new/FIR_129.vhd:]
WARNING: [filemgmt 56-199] Attempt to get parsing info during refresh. "On-the-fly" syntax checking information may be incorrect. [/homes/v19nosth/ECG_medcon/ECG_medcon.srcs/sources_1/new/ECG.vhd:]
WARNING: [filemgmt 56-199] Attempt to get parsing info during refresh. "On-the-fly" syntax checking information may be incorrect. [/homes/v19nosth/ECG_medcon/ECG_medcon.srcs/sources_1/new/FIR_11.vhd:]
close [ open /homes/v19nosth/ECG_medcon/ECG_medcon.srcs/sources_1/new/MAC.vhd w ]
add_files /homes/v19nosth/ECG_medcon/ECG_medcon.srcs/sources_1/new/MAC.vhd
update_compile_order -fileset sources_1
WARNING: [filemgmt 56-199] Attempt to get parsing info during refresh. "On-the-fly" syntax checking information may be incorrect. [/homes/v19nosth/ECG_medcon/ECG_medcon.srcs/sources_1/new/IIR.vhd:]
WARNING: [filemgmt 56-199] Attempt to get parsing info during refresh. "On-the-fly" syntax checking information may be incorrect. [/homes/v19nosth/ECG_medcon/ECG_medcon.srcs/sources_1/new/FIR_129.vhd:]
WARNING: [filemgmt 56-199] Attempt to get parsing info during refresh. "On-the-fly" syntax checking information may be incorrect. [/homes/v19nosth/ECG_medcon/ECG_medcon.srcs/sources_1/new/ECG.vhd:]
WARNING: [filemgmt 56-199] Attempt to get parsing info during refresh. "On-the-fly" syntax checking information may be incorrect. [/homes/v19nosth/ECG_medcon/ECG_medcon.srcs/sources_1/new/FIR_11.vhd:]
WARNING: [filemgmt 56-199] Attempt to get parsing info during refresh. "On-the-fly" syntax checking information may be incorrect. [/homes/v19nosth/ECG_medcon/ECG_medcon.srcs/sources_1/new/IIR.vhd:]
WARNING: [filemgmt 56-199] Attempt to get parsing info during refresh. "On-the-fly" syntax checking information may be incorrect. [/homes/v19nosth/ECG_medcon/ECG_medcon.srcs/sources_1/new/FIR_129.vhd:]
WARNING: [filemgmt 56-199] Attempt to get parsing info during refresh. "On-the-fly" syntax checking information may be incorrect. [/homes/v19nosth/ECG_medcon/ECG_medcon.srcs/sources_1/new/ECG.vhd:]
WARNING: [filemgmt 56-199] Attempt to get parsing info during refresh. "On-the-fly" syntax checking information may be incorrect. [/homes/v19nosth/ECG_medcon/ECG_medcon.srcs/sources_1/new/FIR_11.vhd:]
WARNING: [filemgmt 56-199] Attempt to get parsing info during refresh. "On-the-fly" syntax checking information may be incorrect. [/homes/v19nosth/ECG_medcon/ECG_medcon.srcs/sources_1/new/IIR.vhd:]
WARNING: [filemgmt 56-199] Attempt to get parsing info during refresh. "On-the-fly" syntax checking information may be incorrect. [/homes/v19nosth/ECG_medcon/ECG_medcon.srcs/sources_1/new/FIR_129.vhd:]
WARNING: [filemgmt 56-199] Attempt to get parsing info during refresh. "On-the-fly" syntax checking information may be incorrect. [/homes/v19nosth/ECG_medcon/ECG_medcon.srcs/sources_1/new/ECG.vhd:]
WARNING: [filemgmt 56-199] Attempt to get parsing info during refresh. "On-the-fly" syntax checking information may be incorrect. [/homes/v19nosth/ECG_medcon/ECG_medcon.srcs/sources_1/new/FIR_11.vhd:]
WARNING: [filemgmt 56-199] Attempt to get parsing info during refresh. "On-the-fly" syntax checking information may be incorrect. [/homes/v19nosth/ECG_medcon/ECG_medcon.srcs/sources_1/new/IIR.vhd:]
WARNING: [filemgmt 56-199] Attempt to get parsing info during refresh. "On-the-fly" syntax checking information may be incorrect. [/homes/v19nosth/ECG_medcon/ECG_medcon.srcs/sources_1/new/FIR_129.vhd:]
WARNING: [filemgmt 56-199] Attempt to get parsing info during refresh. "On-the-fly" syntax checking information may be incorrect. [/homes/v19nosth/ECG_medcon/ECG_medcon.srcs/sources_1/new/ECG.vhd:]
WARNING: [filemgmt 56-199] Attempt to get parsing info during refresh. "On-the-fly" syntax checking information may be incorrect. [/homes/v19nosth/ECG_medcon/ECG_medcon.srcs/sources_1/new/FIR_11.vhd:]
WARNING: [filemgmt 56-199] Attempt to get parsing info during refresh. "On-the-fly" syntax checking information may be incorrect. [/homes/v19nosth/ECG_medcon/ECG_medcon.srcs/sources_1/new/IIR.vhd:]
WARNING: [filemgmt 56-199] Attempt to get parsing info during refresh. "On-the-fly" syntax checking information may be incorrect. [/homes/v19nosth/ECG_medcon/ECG_medcon.srcs/sources_1/new/FIR_129.vhd:]
WARNING: [filemgmt 56-199] Attempt to get parsing info during refresh. "On-the-fly" syntax checking information may be incorrect. [/homes/v19nosth/ECG_medcon/ECG_medcon.srcs/sources_1/new/ECG.vhd:]
WARNING: [filemgmt 56-199] Attempt to get parsing info during refresh. "On-the-fly" syntax checking information may be incorrect. [/homes/v19nosth/ECG_medcon/ECG_medcon.srcs/sources_1/new/FIR_11.vhd:]
WARNING: [filemgmt 56-199] Attempt to get parsing info during refresh. "On-the-fly" syntax checking information may be incorrect. [/homes/v19nosth/ECG_medcon/ECG_medcon.srcs/sources_1/new/IIR.vhd:]
WARNING: [filemgmt 56-199] Attempt to get parsing info during refresh. "On-the-fly" syntax checking information may be incorrect. [/homes/v19nosth/ECG_medcon/ECG_medcon.srcs/sources_1/new/FIR_129.vhd:]
WARNING: [filemgmt 56-199] Attempt to get parsing info during refresh. "On-the-fly" syntax checking information may be incorrect. [/homes/v19nosth/ECG_medcon/ECG_medcon.srcs/sources_1/new/ECG.vhd:]
WARNING: [filemgmt 56-199] Attempt to get parsing info during refresh. "On-the-fly" syntax checking information may be incorrect. [/homes/v19nosth/ECG_medcon/ECG_medcon.srcs/sources_1/new/FIR_11.vhd:]
WARNING: [filemgmt 56-199] Attempt to get parsing info during refresh. "On-the-fly" syntax checking information may be incorrect. [/homes/v19nosth/ECG_medcon/ECG_medcon.srcs/sources_1/new/IIR.vhd:]
WARNING: [filemgmt 56-199] Attempt to get parsing info during refresh. "On-the-fly" syntax checking information may be incorrect. [/homes/v19nosth/ECG_medcon/ECG_medcon.srcs/sources_1/new/FIR_129.vhd:]
WARNING: [filemgmt 56-199] Attempt to get parsing info during refresh. "On-the-fly" syntax checking information may be incorrect. [/homes/v19nosth/ECG_medcon/ECG_medcon.srcs/sources_1/new/ECG.vhd:]
WARNING: [filemgmt 56-199] Attempt to get parsing info during refresh. "On-the-fly" syntax checking information may be incorrect. [/homes/v19nosth/ECG_medcon/ECG_medcon.srcs/sources_1/new/FIR_11.vhd:]
WARNING: [filemgmt 56-199] Attempt to get parsing info during refresh. "On-the-fly" syntax checking information may be incorrect. [/homes/v19nosth/ECG_medcon/ECG_medcon.srcs/sources_1/new/IIR.vhd:]
WARNING: [filemgmt 56-199] Attempt to get parsing info during refresh. "On-the-fly" syntax checking information may be incorrect. [/homes/v19nosth/ECG_medcon/ECG_medcon.srcs/sources_1/new/FIR_129.vhd:]
WARNING: [filemgmt 56-199] Attempt to get parsing info during refresh. "On-the-fly" syntax checking information may be incorrect. [/homes/v19nosth/ECG_medcon/ECG_medcon.srcs/sources_1/new/ECG.vhd:]
WARNING: [filemgmt 56-199] Attempt to get parsing info during refresh. "On-the-fly" syntax checking information may be incorrect. [/homes/v19nosth/ECG_medcon/ECG_medcon.srcs/sources_1/new/FIR_11.vhd:]
WARNING: [filemgmt 56-199] Attempt to get parsing info during refresh. "On-the-fly" syntax checking information may be incorrect. [/homes/v19nosth/ECG_medcon/ECG_medcon.srcs/sources_1/new/IIR.vhd:]
WARNING: [filemgmt 56-199] Attempt to get parsing info during refresh. "On-the-fly" syntax checking information may be incorrect. [/homes/v19nosth/ECG_medcon/ECG_medcon.srcs/sources_1/new/FIR_129.vhd:]
WARNING: [filemgmt 56-199] Attempt to get parsing info during refresh. "On-the-fly" syntax checking information may be incorrect. [/homes/v19nosth/ECG_medcon/ECG_medcon.srcs/sources_1/new/ECG.vhd:]
WARNING: [filemgmt 56-199] Attempt to get parsing info during refresh. "On-the-fly" syntax checking information may be incorrect. [/homes/v19nosth/ECG_medcon/ECG_medcon.srcs/sources_1/new/FIR_11.vhd:]
WARNING: [filemgmt 56-199] Attempt to get parsing info during refresh. "On-the-fly" syntax checking information may be incorrect. [/homes/v19nosth/ECG_medcon/ECG_medcon.srcs/sources_1/new/IIR.vhd:]
WARNING: [filemgmt 56-199] Attempt to get parsing info during refresh. "On-the-fly" syntax checking information may be incorrect. [/homes/v19nosth/ECG_medcon/ECG_medcon.srcs/sources_1/new/FIR_129.vhd:]
WARNING: [filemgmt 56-199] Attempt to get parsing info during refresh. "On-the-fly" syntax checking information may be incorrect. [/homes/v19nosth/ECG_medcon/ECG_medcon.srcs/sources_1/new/ECG.vhd:]
WARNING: [filemgmt 56-199] Attempt to get parsing info during refresh. "On-the-fly" syntax checking information may be incorrect. [/homes/v19nosth/ECG_medcon/ECG_medcon.srcs/sources_1/new/FIR_11.vhd:]
WARNING: [filemgmt 56-199] Attempt to get parsing info during refresh. "On-the-fly" syntax checking information may be incorrect. [/homes/v19nosth/ECG_medcon/ECG_medcon.srcs/sources_1/new/IIR.vhd:]
WARNING: [filemgmt 56-199] Attempt to get parsing info during refresh. "On-the-fly" syntax checking information may be incorrect. [/homes/v19nosth/ECG_medcon/ECG_medcon.srcs/sources_1/new/FIR_129.vhd:]
WARNING: [filemgmt 56-199] Attempt to get parsing info during refresh. "On-the-fly" syntax checking information may be incorrect. [/homes/v19nosth/ECG_medcon/ECG_medcon.srcs/sources_1/new/ECG.vhd:]
WARNING: [filemgmt 56-199] Attempt to get parsing info during refresh. "On-the-fly" syntax checking information may be incorrect. [/homes/v19nosth/ECG_medcon/ECG_medcon.srcs/sources_1/new/FIR_11.vhd:]
WARNING: [filemgmt 56-199] Attempt to get parsing info during refresh. "On-the-fly" syntax checking information may be incorrect. [/homes/v19nosth/ECG_medcon/ECG_medcon.srcs/sources_1/new/IIR.vhd:]
WARNING: [filemgmt 56-199] Attempt to get parsing info during refresh. "On-the-fly" syntax checking information may be incorrect. [/homes/v19nosth/ECG_medcon/ECG_medcon.srcs/sources_1/new/FIR_129.vhd:]
WARNING: [filemgmt 56-199] Attempt to get parsing info during refresh. "On-the-fly" syntax checking information may be incorrect. [/homes/v19nosth/ECG_medcon/ECG_medcon.srcs/sources_1/new/ECG.vhd:]
WARNING: [filemgmt 56-199] Attempt to get parsing info during refresh. "On-the-fly" syntax checking information may be incorrect. [/homes/v19nosth/ECG_medcon/ECG_medcon.srcs/sources_1/new/FIR_11.vhd:]
WARNING: [filemgmt 56-199] Attempt to get parsing info during refresh. "On-the-fly" syntax checking information may be incorrect. [/homes/v19nosth/ECG_medcon/ECG_medcon.srcs/sources_1/new/IIR.vhd:]
WARNING: [filemgmt 56-199] Attempt to get parsing info during refresh. "On-the-fly" syntax checking information may be incorrect. [/homes/v19nosth/ECG_medcon/ECG_medcon.srcs/sources_1/new/FIR_129.vhd:]
WARNING: [filemgmt 56-199] Attempt to get parsing info during refresh. "On-the-fly" syntax checking information may be incorrect. [/homes/v19nosth/ECG_medcon/ECG_medcon.srcs/sources_1/new/ECG.vhd:]
WARNING: [filemgmt 56-199] Attempt to get parsing info during refresh. "On-the-fly" syntax checking information may be incorrect. [/homes/v19nosth/ECG_medcon/ECG_medcon.srcs/sources_1/new/FIR_11.vhd:]
WARNING: [filemgmt 56-199] Attempt to get parsing info during refresh. "On-the-fly" syntax checking information may be incorrect. [/homes/v19nosth/ECG_medcon/ECG_medcon.srcs/sources_1/new/IIR.vhd:]
WARNING: [filemgmt 56-199] Attempt to get parsing info during refresh. "On-the-fly" syntax checking information may be incorrect. [/homes/v19nosth/ECG_medcon/ECG_medcon.srcs/sources_1/new/FIR_129.vhd:]
WARNING: [filemgmt 56-199] Attempt to get parsing info during refresh. "On-the-fly" syntax checking information may be incorrect. [/homes/v19nosth/ECG_medcon/ECG_medcon.srcs/sources_1/new/ECG.vhd:]
WARNING: [filemgmt 56-199] Attempt to get parsing info during refresh. "On-the-fly" syntax checking information may be incorrect. [/homes/v19nosth/ECG_medcon/ECG_medcon.srcs/sources_1/new/FIR_11.vhd:]
WARNING: [filemgmt 56-199] Attempt to get parsing info during refresh. "On-the-fly" syntax checking information may be incorrect. [/homes/v19nosth/ECG_medcon/ECG_medcon.srcs/sources_1/new/IIR.vhd:]
WARNING: [filemgmt 56-199] Attempt to get parsing info during refresh. "On-the-fly" syntax checking information may be incorrect. [/homes/v19nosth/ECG_medcon/ECG_medcon.srcs/sources_1/new/FIR_129.vhd:]
WARNING: [filemgmt 56-199] Attempt to get parsing info during refresh. "On-the-fly" syntax checking information may be incorrect. [/homes/v19nosth/ECG_medcon/ECG_medcon.srcs/sources_1/new/ECG.vhd:]
WARNING: [filemgmt 56-199] Attempt to get parsing info during refresh. "On-the-fly" syntax checking information may be incorrect. [/homes/v19nosth/ECG_medcon/ECG_medcon.srcs/sources_1/new/FIR_11.vhd:]
WARNING: [filemgmt 56-199] Attempt to get parsing info during refresh. "On-the-fly" syntax checking information may be incorrect. [/homes/v19nosth/ECG_medcon/ECG_medcon.srcs/sources_1/new/IIR.vhd:]
WARNING: [filemgmt 56-199] Attempt to get parsing info during refresh. "On-the-fly" syntax checking information may be incorrect. [/homes/v19nosth/ECG_medcon/ECG_medcon.srcs/sources_1/new/FIR_129.vhd:]
WARNING: [filemgmt 56-199] Attempt to get parsing info during refresh. "On-the-fly" syntax checking information may be incorrect. [/homes/v19nosth/ECG_medcon/ECG_medcon.srcs/sources_1/new/ECG.vhd:]
WARNING: [filemgmt 56-199] Attempt to get parsing info during refresh. "On-the-fly" syntax checking information may be incorrect. [/homes/v19nosth/ECG_medcon/ECG_medcon.srcs/sources_1/new/FIR_11.vhd:]
WARNING: [filemgmt 56-199] Attempt to get parsing info during refresh. "On-the-fly" syntax checking information may be incorrect. [/homes/v19nosth/ECG_medcon/ECG_medcon.srcs/sources_1/new/IIR.vhd:]
WARNING: [filemgmt 56-199] Attempt to get parsing info during refresh. "On-the-fly" syntax checking information may be incorrect. [/homes/v19nosth/ECG_medcon/ECG_medcon.srcs/sources_1/new/FIR_129.vhd:]
WARNING: [filemgmt 56-199] Attempt to get parsing info during refresh. "On-the-fly" syntax checking information may be incorrect. [/homes/v19nosth/ECG_medcon/ECG_medcon.srcs/sources_1/new/ECG.vhd:]
WARNING: [filemgmt 56-199] Attempt to get parsing info during refresh. "On-the-fly" syntax checking information may be incorrect. [/homes/v19nosth/ECG_medcon/ECG_medcon.srcs/sources_1/new/FIR_11.vhd:]
WARNING: [filemgmt 56-199] Attempt to get parsing info during refresh. "On-the-fly" syntax checking information may be incorrect. [/homes/v19nosth/ECG_medcon/ECG_medcon.srcs/sources_1/new/IIR.vhd:]
WARNING: [filemgmt 56-199] Attempt to get parsing info during refresh. "On-the-fly" syntax checking information may be incorrect. [/homes/v19nosth/ECG_medcon/ECG_medcon.srcs/sources_1/new/FIR_129.vhd:]
WARNING: [filemgmt 56-199] Attempt to get parsing info during refresh. "On-the-fly" syntax checking information may be incorrect. [/homes/v19nosth/ECG_medcon/ECG_medcon.srcs/sources_1/new/ECG.vhd:]
WARNING: [filemgmt 56-199] Attempt to get parsing info during refresh. "On-the-fly" syntax checking information may be incorrect. [/homes/v19nosth/ECG_medcon/ECG_medcon.srcs/sources_1/new/FIR_11.vhd:]
WARNING: [filemgmt 56-199] Attempt to get parsing info during refresh. "On-the-fly" syntax checking information may be incorrect. [/homes/v19nosth/ECG_medcon/ECG_medcon.srcs/sources_1/new/IIR.vhd:]
WARNING: [filemgmt 56-199] Attempt to get parsing info during refresh. "On-the-fly" syntax checking information may be incorrect. [/homes/v19nosth/ECG_medcon/ECG_medcon.srcs/sources_1/new/FIR_129.vhd:]
WARNING: [filemgmt 56-199] Attempt to get parsing info during refresh. "On-the-fly" syntax checking information may be incorrect. [/homes/v19nosth/ECG_medcon/ECG_medcon.srcs/sources_1/new/ECG.vhd:]
WARNING: [filemgmt 56-199] Attempt to get parsing info during refresh. "On-the-fly" syntax checking information may be incorrect. [/homes/v19nosth/ECG_medcon/ECG_medcon.srcs/sources_1/new/FIR_11.vhd:]
WARNING: [filemgmt 56-199] Attempt to get parsing info during refresh. "On-the-fly" syntax checking information may be incorrect. [/homes/v19nosth/ECG_medcon/ECG_medcon.srcs/sources_1/new/IIR.vhd:]
WARNING: [filemgmt 56-199] Attempt to get parsing info during refresh. "On-the-fly" syntax checking information may be incorrect. [/homes/v19nosth/ECG_medcon/ECG_medcon.srcs/sources_1/new/FIR_129.vhd:]
WARNING: [filemgmt 56-199] Attempt to get parsing info during refresh. "On-the-fly" syntax checking information may be incorrect. [/homes/v19nosth/ECG_medcon/ECG_medcon.srcs/sources_1/new/ECG.vhd:]
WARNING: [filemgmt 56-199] Attempt to get parsing info during refresh. "On-the-fly" syntax checking information may be incorrect. [/homes/v19nosth/ECG_medcon/ECG_medcon.srcs/sources_1/new/FIR_11.vhd:]
WARNING: [filemgmt 56-199] Attempt to get parsing info during refresh. "On-the-fly" syntax checking information may be incorrect. [/homes/v19nosth/ECG_medcon/ECG_medcon.srcs/sources_1/new/IIR.vhd:]
WARNING: [filemgmt 56-199] Attempt to get parsing info during refresh. "On-the-fly" syntax checking information may be incorrect. [/homes/v19nosth/ECG_medcon/ECG_medcon.srcs/sources_1/new/FIR_129.vhd:]
WARNING: [filemgmt 56-199] Attempt to get parsing info during refresh. "On-the-fly" syntax checking information may be incorrect. [/homes/v19nosth/ECG_medcon/ECG_medcon.srcs/sources_1/new/ECG.vhd:]
WARNING: [filemgmt 56-199] Attempt to get parsing info during refresh. "On-the-fly" syntax checking information may be incorrect. [/homes/v19nosth/ECG_medcon/ECG_medcon.srcs/sources_1/new/FIR_11.vhd:]
WARNING: [filemgmt 56-199] Attempt to get parsing info during refresh. "On-the-fly" syntax checking information may be incorrect. [/homes/v19nosth/ECG_medcon/ECG_medcon.srcs/sources_1/new/IIR.vhd:]
WARNING: [filemgmt 56-199] Attempt to get parsing info during refresh. "On-the-fly" syntax checking information may be incorrect. [/homes/v19nosth/ECG_medcon/ECG_medcon.srcs/sources_1/new/FIR_129.vhd:]
WARNING: [filemgmt 56-199] Attempt to get parsing info during refresh. "On-the-fly" syntax checking information may be incorrect. [/homes/v19nosth/ECG_medcon/ECG_medcon.srcs/sources_1/new/ECG.vhd:]
WARNING: [filemgmt 56-199] Attempt to get parsing info during refresh. "On-the-fly" syntax checking information may be incorrect. [/homes/v19nosth/ECG_medcon/ECG_medcon.srcs/sources_1/new/FIR_11.vhd:]
WARNING: [filemgmt 56-199] Attempt to get parsing info during refresh. "On-the-fly" syntax checking information may be incorrect. [/homes/v19nosth/ECG_medcon/ECG_medcon.srcs/sources_1/new/IIR.vhd:]
WARNING: [filemgmt 56-199] Attempt to get parsing info during refresh. "On-the-fly" syntax checking information may be incorrect. [/homes/v19nosth/ECG_medcon/ECG_medcon.srcs/sources_1/new/FIR_129.vhd:]
WARNING: [filemgmt 56-199] Attempt to get parsing info during refresh. "On-the-fly" syntax checking information may be incorrect. [/homes/v19nosth/ECG_medcon/ECG_medcon.srcs/sources_1/new/ECG.vhd:]
WARNING: [filemgmt 56-199] Attempt to get parsing info during refresh. "On-the-fly" syntax checking information may be incorrect. [/homes/v19nosth/ECG_medcon/ECG_medcon.srcs/sources_1/new/FIR_11.vhd:]
WARNING: [filemgmt 56-199] Attempt to get parsing info during refresh. "On-the-fly" syntax checking information may be incorrect. [/homes/v19nosth/ECG_medcon/ECG_medcon.srcs/sources_1/new/IIR.vhd:]
WARNING: [filemgmt 56-199] Attempt to get parsing info during refresh. "On-the-fly" syntax checking information may be incorrect. [/homes/v19nosth/ECG_medcon/ECG_medcon.srcs/sources_1/new/FIR_129.vhd:]
WARNING: [filemgmt 56-199] Attempt to get parsing info during refresh. "On-the-fly" syntax checking information may be incorrect. [/homes/v19nosth/ECG_medcon/ECG_medcon.srcs/sources_1/new/ECG.vhd:]
WARNING: [filemgmt 56-199] Attempt to get parsing info during refresh. "On-the-fly" syntax checking information may be incorrect. [/homes/v19nosth/ECG_medcon/ECG_medcon.srcs/sources_1/new/FIR_11.vhd:]
WARNING: [filemgmt 56-199] Attempt to get parsing info during refresh. "On-the-fly" syntax checking information may be incorrect. [/homes/v19nosth/ECG_medcon/ECG_medcon.srcs/sources_1/new/IIR.vhd:]
WARNING: [filemgmt 56-199] Attempt to get parsing info during refresh. "On-the-fly" syntax checking information may be incorrect. [/homes/v19nosth/ECG_medcon/ECG_medcon.srcs/sources_1/new/FIR_129.vhd:]
WARNING: [filemgmt 56-199] Attempt to get parsing info during refresh. "On-the-fly" syntax checking information may be incorrect. [/homes/v19nosth/ECG_medcon/ECG_medcon.srcs/sources_1/new/ECG.vhd:]
WARNING: [filemgmt 56-199] Attempt to get parsing info during refresh. "On-the-fly" syntax checking information may be incorrect. [/homes/v19nosth/ECG_medcon/ECG_medcon.srcs/sources_1/new/FIR_11.vhd:]
WARNING: [filemgmt 56-199] Attempt to get parsing info during refresh. "On-the-fly" syntax checking information may be incorrect. [/homes/v19nosth/ECG_medcon/ECG_medcon.srcs/sources_1/new/IIR.vhd:]
WARNING: [filemgmt 56-199] Attempt to get parsing info during refresh. "On-the-fly" syntax checking information may be incorrect. [/homes/v19nosth/ECG_medcon/ECG_medcon.srcs/sources_1/new/FIR_129.vhd:]
WARNING: [filemgmt 56-199] Attempt to get parsing info during refresh. "On-the-fly" syntax checking information may be incorrect. [/homes/v19nosth/ECG_medcon/ECG_medcon.srcs/sources_1/new/ECG.vhd:]
WARNING: [filemgmt 56-199] Attempt to get parsing info during refresh. "On-the-fly" syntax checking information may be incorrect. [/homes/v19nosth/ECG_medcon/ECG_medcon.srcs/sources_1/new/FIR_11.vhd:]
WARNING: [filemgmt 56-199] Attempt to get parsing info during refresh. "On-the-fly" syntax checking information may be incorrect. [/homes/v19nosth/ECG_medcon/ECG_medcon.srcs/sources_1/new/IIR.vhd:]
WARNING: [filemgmt 56-199] Attempt to get parsing info during refresh. "On-the-fly" syntax checking information may be incorrect. [/homes/v19nosth/ECG_medcon/ECG_medcon.srcs/sources_1/new/FIR_129.vhd:]
WARNING: [filemgmt 56-199] Attempt to get parsing info during refresh. "On-the-fly" syntax checking information may be incorrect. [/homes/v19nosth/ECG_medcon/ECG_medcon.srcs/sources_1/new/ECG.vhd:]
WARNING: [filemgmt 56-199] Attempt to get parsing info during refresh. "On-the-fly" syntax checking information may be incorrect. [/homes/v19nosth/ECG_medcon/ECG_medcon.srcs/sources_1/new/FIR_11.vhd:]
WARNING: [filemgmt 56-199] Attempt to get parsing info during refresh. "On-the-fly" syntax checking information may be incorrect. [/homes/v19nosth/ECG_medcon/ECG_medcon.srcs/sources_1/new/IIR.vhd:]
WARNING: [filemgmt 56-199] Attempt to get parsing info during refresh. "On-the-fly" syntax checking information may be incorrect. [/homes/v19nosth/ECG_medcon/ECG_medcon.srcs/sources_1/new/FIR_129.vhd:]
WARNING: [filemgmt 56-199] Attempt to get parsing info during refresh. "On-the-fly" syntax checking information may be incorrect. [/homes/v19nosth/ECG_medcon/ECG_medcon.srcs/sources_1/new/ECG.vhd:]
WARNING: [filemgmt 56-199] Attempt to get parsing info during refresh. "On-the-fly" syntax checking information may be incorrect. [/homes/v19nosth/ECG_medcon/ECG_medcon.srcs/sources_1/new/FIR_11.vhd:]
WARNING: [filemgmt 56-199] Attempt to get parsing info during refresh. "On-the-fly" syntax checking information may be incorrect. [/homes/v19nosth/ECG_medcon/ECG_medcon.srcs/sources_1/new/IIR.vhd:]
WARNING: [filemgmt 56-199] Attempt to get parsing info during refresh. "On-the-fly" syntax checking information may be incorrect. [/homes/v19nosth/ECG_medcon/ECG_medcon.srcs/sources_1/new/FIR_129.vhd:]
WARNING: [filemgmt 56-199] Attempt to get parsing info during refresh. "On-the-fly" syntax checking information may be incorrect. [/homes/v19nosth/ECG_medcon/ECG_medcon.srcs/sources_1/new/ECG.vhd:]
WARNING: [filemgmt 56-199] Attempt to get parsing info during refresh. "On-the-fly" syntax checking information may be incorrect. [/homes/v19nosth/ECG_medcon/ECG_medcon.srcs/sources_1/new/FIR_11.vhd:]
WARNING: [filemgmt 56-199] Attempt to get parsing info during refresh. "On-the-fly" syntax checking information may be incorrect. [/homes/v19nosth/ECG_medcon/ECG_medcon.srcs/sources_1/new/IIR.vhd:]
WARNING: [filemgmt 56-199] Attempt to get parsing info during refresh. "On-the-fly" syntax checking information may be incorrect. [/homes/v19nosth/ECG_medcon/ECG_medcon.srcs/sources_1/new/FIR_129.vhd:]
WARNING: [filemgmt 56-199] Attempt to get parsing info during refresh. "On-the-fly" syntax checking information may be incorrect. [/homes/v19nosth/ECG_medcon/ECG_medcon.srcs/sources_1/new/ECG.vhd:]
WARNING: [filemgmt 56-199] Attempt to get parsing info during refresh. "On-the-fly" syntax checking information may be incorrect. [/homes/v19nosth/ECG_medcon/ECG_medcon.srcs/sources_1/new/FIR_11.vhd:]
